2024-03-17 13:42:58,054 [INFO] Activator:176 - 


2024-03-17 13:42:58,061 [INFO] Activator:177 - !SESSION log4j initialized
2024-03-17 13:43:02,623 [ERROR] LogOutputStream:75 - [STDERR_REDIRECT] 
2024-03-17 13:43:03,070 [INFO] LogOutputStream:77 - [STDOUT_REDIRECT] 
2024-03-17 13:43:04,456 [INFO] LogOutputStream:77 - [STDOUT_REDIRECT] 
2024-03-17 13:43:06,003 [INFO] ApplicationProperties:184 - Using Application install path: /Applications/STM32CubeIDE.app/Contents/Eclipse/plugins/com.st.stm32cube.common.mx_6.10.0.202311202037
2024-03-17 13:43:06,017 [INFO] DbMcusXml:78 - Set database path to: /Applications/STM32CubeIDE.app/Contents/Eclipse/plugins/com.st.stm32cube.common.mx_6.10.0.202311202037//db//mcu/
2024-03-17 13:43:06,017 [INFO] ApiDb:274 - Set plugin database path to: /Applications/STM32CubeIDE.app/Contents/Eclipse/plugins/com.st.stm32cube.common.mx_6.10.0.202311202037//db//plugins/boardmanager/
2024-03-17 13:43:06,018 [WARN] ApiDb:259 - Overriding images path with different value:  => /Applications/STM32CubeIDE.app/Contents/Eclipse/plugins/com.st.stm32cube.common.mx_6.10.0.202311202037//db//plugins/mcufinder/images/
2024-03-17 13:43:06,024 [INFO] ApiDb:250 - Set database path to: /Users/chmnku/.stmcufinder/plugins/mcufinder//mcu/
2024-03-17 13:43:06,025 [INFO] DbMcusAds:125 - Set database path to: /Users/chmnku/.stmcufinder/plugins/mcufinder//mcu/
2024-03-17 13:43:06,026 [INFO] CrossReferenceDbSqlite:203 - Set database path to: /Users/chmnku/.stmcufinder/plugins/mcufinder//mcu/cs/
2024-03-17 13:43:06,173 [INFO] RulesReader:64 - Compatibility file has been processed (297 Rules)
2024-03-17 13:43:06,243 [INFO] DbMcusXml:78 - Set database path to: /Applications/STM32CubeIDE.app/Contents/Eclipse/plugins/com.st.stm32cube.common.mx_6.10.0.202311202037//db//mcu/
2024-03-17 13:43:06,244 [INFO] ApiDb:274 - Set plugin database path to: /Applications/STM32CubeIDE.app/Contents/Eclipse/plugins/com.st.stm32cube.common.mx_6.10.0.202311202037//db//plugins/boardmanager/
2024-03-17 13:43:06,244 [INFO] ApiDb:261 - Set plugin images path to: /Applications/STM32CubeIDE.app/Contents/Eclipse/plugins/com.st.stm32cube.common.mx_6.10.0.202311202037//db//plugins/mcufinder/images/
2024-03-17 13:43:06,244 [WARN] DbFile:41 - Overriding database path with different value: /Users/chmnku/.stmcufinder/plugins/mcufinder/ => /Users/chmnku/.stmcufinder/plugins/mcufinder
2024-03-17 13:43:06,244 [INFO] ApiDb:250 - Set database path to: /Users/chmnku/.stmcufinder/plugins/mcufinder//mcu/
2024-03-17 13:43:06,244 [WARN] DbFile:41 - Overriding database path with different value: /Users/chmnku/.stmcufinder/plugins/mcufinder/ => /Users/chmnku/.stmcufinder/plugins/mcufinder
2024-03-17 13:43:06,244 [INFO] DbMcusAds:125 - Set database path to: /Users/chmnku/.stmcufinder/plugins/mcufinder//mcu/
2024-03-17 13:43:06,244 [WARN] DbFile:41 - Overriding database path with different value: /Users/chmnku/.stmcufinder/plugins/mcufinder/ => /Users/chmnku/.stmcufinder/plugins/mcufinder
2024-03-17 13:43:06,244 [WARN] DbFile:41 - Overriding database path with different value: /Users/chmnku/.stmcufinder/plugins/mcufinder/ => /Users/chmnku/.stmcufinder/plugins/mcufinder
2024-03-17 13:43:06,245 [INFO] CrossReferenceDbSqlite:203 - Set database path to: /Users/chmnku/.stmcufinder/plugins/mcufinder//mcu/cs/
2024-03-17 13:43:06,246 [ERROR] LogOutputStream:75 - [STDERR_REDIRECT] [Fatal Error] :2:10: DOCTYPE is disallowed when the feature "http://apache.org/xml/features/disallow-doctype-decl" set to true.
2024-03-17 13:43:06,258 [ERROR] LogOutputStream:75 - [STDERR_REDIRECT] 
2024-03-17 13:43:06,361 [INFO] MainPanel:264 - HeapMemory: 274726912
2024-03-17 13:43:06,761 [INFO] DbMcusXml:78 - Set database path to: /Applications/STM32CubeIDE.app/Contents/Eclipse/plugins/com.st.stm32cube.common.mx_6.10.0.202311202037//db//mcu/
2024-03-17 13:43:06,762 [INFO] ApiDb:274 - Set plugin database path to: /Applications/STM32CubeIDE.app/Contents/Eclipse/plugins/com.st.stm32cube.common.mx_6.10.0.202311202037//db//plugins/boardmanager/
2024-03-17 13:43:06,763 [INFO] ApiDb:261 - Set plugin images path to: /Applications/STM32CubeIDE.app/Contents/Eclipse/plugins/com.st.stm32cube.common.mx_6.10.0.202311202037//db//plugins/mcufinder/images/
2024-03-17 13:43:06,763 [WARN] DbFile:41 - Overriding database path with different value: /Users/chmnku/.stmcufinder/plugins/mcufinder/ => /Users/chmnku/.stmcufinder/plugins/mcufinder
2024-03-17 13:43:06,764 [INFO] ApiDb:250 - Set database path to: /Users/chmnku/.stmcufinder/plugins/mcufinder//mcu/
2024-03-17 13:43:06,764 [WARN] DbFile:41 - Overriding database path with different value: /Users/chmnku/.stmcufinder/plugins/mcufinder/ => /Users/chmnku/.stmcufinder/plugins/mcufinder
2024-03-17 13:43:06,764 [INFO] DbMcusAds:125 - Set database path to: /Users/chmnku/.stmcufinder/plugins/mcufinder//mcu/
2024-03-17 13:43:06,764 [WARN] DbFile:41 - Overriding database path with different value: /Users/chmnku/.stmcufinder/plugins/mcufinder/ => /Users/chmnku/.stmcufinder/plugins/mcufinder
2024-03-17 13:43:06,764 [WARN] DbFile:41 - Overriding database path with different value: /Users/chmnku/.stmcufinder/plugins/mcufinder/ => /Users/chmnku/.stmcufinder/plugins/mcufinder
2024-03-17 13:43:06,764 [INFO] CrossReferenceDbSqlite:203 - Set database path to: /Users/chmnku/.stmcufinder/plugins/mcufinder//mcu/cs/
2024-03-17 13:43:06,787 [INFO] ApplicationProperties:184 - Using Application install path: /Applications/STM32CubeIDE.app/Contents/Eclipse/plugins/com.st.stm32cube.common.mx_6.10.0.202311202037
2024-03-17 13:43:06,788 [INFO] PluginManage:196 - Search for loadable plugins [exclusion list=, ]
2024-03-17 13:43:06,792 [INFO] PluginManage:310 - Check plugin analytics
2024-03-17 13:43:06,998 [INFO] AnalyticsPlugin:253 - Accepted Software Licenses: STM32CubeMX.6.10.0
2024-03-17 13:43:07,000 [INFO] AnalyticsPlugin:255 - Accepted CMSIS Pack Licenses: 
2024-03-17 13:43:07,000 [INFO] AnalyticsPlugin:257 - Accepted Firmware Licenses: FW.F4.1.28.0
2024-03-17 13:43:07,009 [INFO] PluginManage:359 - Loaded plugin analytics (category:tool,tabindex:-1)
2024-03-17 13:43:07,011 [INFO] PluginManage:310 - Check plugin cadmodel
2024-03-17 13:43:07,352 [INFO] CADModel:105 - Init CAD model plugin
2024-03-17 13:43:07,353 [INFO] PluginManage:359 - Loaded plugin cadmodel (category:power,tabindex:5)
2024-03-17 13:43:07,354 [INFO] PluginManage:310 - Check plugin clock
2024-03-17 13:43:07,364 [INFO] PluginManage:359 - Loaded plugin clock (category:base,tabindex:2)
2024-03-17 13:43:07,365 [INFO] PluginManage:310 - Check plugin ddr
2024-03-17 13:43:07,366 [INFO] PluginManage:359 - Loaded plugin ddr (category:tool,tabindex:6)
2024-03-17 13:43:07,366 [INFO] PluginManage:310 - Check plugin filemanager
2024-03-17 13:43:07,479 [INFO] PluginManage:359 - Loaded plugin filemanager (category:base,tabindex:10)
2024-03-17 13:43:07,479 [INFO] PluginManage:310 - Check plugin ipmanager
2024-03-17 13:43:07,484 [INFO] PluginManage:359 - Loaded plugin ipmanager (category:base,tabindex:5)
2024-03-17 13:43:07,485 [INFO] PluginManage:310 - Check plugin lpbam
2024-03-17 13:43:07,492 [INFO] PluginManage:359 - Loaded plugin lpbam (category:base,tabindex:0)
2024-03-17 13:43:07,492 [INFO] PluginManage:310 - Check plugin memorymap
2024-03-17 13:43:07,499 [INFO] PluginManage:359 - Loaded plugin memorymap (category:base,tabindex:4)
2024-03-17 13:43:07,499 [INFO] PluginManage:310 - Check plugin pinoutandconfiguration
2024-03-17 13:43:07,502 [INFO] PluginManage:359 - Loaded plugin pinoutandconfiguration (category:base,tabindex:1)
2024-03-17 13:43:07,502 [INFO] PluginManage:310 - Check plugin pinoutconfig
2024-03-17 13:43:07,569 [WARN] SupportedApi:132 - Cannot load RTOS API schema: s4s-elt-must-match.1: The content of 'definitions' must match (annotation?, (simpleType | complexType)?, (unique | key | keyref)*)). A problem was found starting at: attribute.
2024-03-17 13:43:07,666 [INFO] PluginManage:359 - Loaded plugin pinoutconfig (category:base,tabindex:0)
2024-03-17 13:43:07,667 [INFO] PluginManage:310 - Check plugin power
2024-03-17 13:43:07,674 [INFO] PluginManage:359 - Loaded plugin power (category:power,tabindex:4)
2024-03-17 13:43:07,674 [INFO] PluginManage:310 - Check plugin projectmanager
2024-03-17 13:43:07,692 [INFO] PluginManage:359 - Loaded plugin projectmanager (category:projectmanager,tabindex:3)
2024-03-17 13:43:07,692 [INFO] PluginManage:310 - Check plugin thirdparty
2024-03-17 13:43:07,804 [INFO] PluginManage:359 - Loaded plugin thirdparty (category:base,tabindex:-1)
2024-03-17 13:43:07,804 [INFO] PluginManage:310 - Check plugin tools
2024-03-17 13:43:07,804 [WARN] IntegrityCheckThread:84 - waiting for thirdparty lock release [integrity check]
2024-03-17 13:43:07,804 [INFO] IntegrityCheckThread:86 - entering critical section [integrity check]
2024-03-17 13:43:07,805 [INFO] ThirdPartyUpdaterWithRetryManager:70 - Updater plugin not ready yet. [1/15]
2024-03-17 13:43:07,805 [INFO] PluginManage:359 - Loaded plugin tools (category:base,tabindex:7)
2024-03-17 13:43:07,805 [INFO] PluginManage:310 - Check plugin tutovideos
2024-03-17 13:43:07,913 [INFO] PluginManage:359 - Loaded plugin tutovideos (category:base,tabindex:-1)
2024-03-17 13:43:07,913 [INFO] PluginManage:310 - Check plugin updater
2024-03-17 13:43:07,922 [INFO] PluginManage:359 - Loaded plugin updater (category:base,tabindex:12)
2024-03-17 13:43:07,922 [INFO] PluginManage:310 - Check plugin userauth
2024-03-17 13:43:07,926 [INFO] UserAuth:114 - Init User Auth plugin
2024-03-17 13:43:07,926 [INFO] PluginManage:359 - Loaded plugin userauth (category:base,tabindex:14)
2024-03-17 13:43:07,930 [INFO] PluginManage:283 - PluginManage : Loaded plugins [17]
2024-03-17 13:43:08,132 [INFO] PinOutPanel:1499 - setPackage(No Configuration,No Configuration)
2024-03-17 13:43:08,178 [INFO] CADModel:165 - CPN selected for project level
2024-03-17 13:43:08,178 [INFO] CADModel:114 - Register for checkConnection events
2024-03-17 13:43:08,188 [INFO] IPUIPlugin:80 - create IPUIPlugin
2024-03-17 13:43:08,189 [INFO] PluginManager:220 - loadIPPluginJar : add mdma
2024-03-17 13:43:08,193 [INFO] IPUIPlugin:80 - create IPUIPlugin
2024-03-17 13:43:08,193 [INFO] PluginManager:220 - loadIPPluginJar : add freertos
2024-03-17 13:43:08,195 [INFO] IPUIPlugin:80 - create IPUIPlugin
2024-03-17 13:43:08,196 [INFO] PluginManager:220 - loadIPPluginJar : add gic
2024-03-17 13:43:08,200 [INFO] IPUIPlugin:80 - create IPUIPlugin
2024-03-17 13:43:08,200 [INFO] PluginManager:220 - loadIPPluginJar : add adc
2024-03-17 13:43:08,201 [INFO] IPUIPlugin:80 - create IPUIPlugin
2024-03-17 13:43:08,201 [INFO] PluginManager:220 - loadIPPluginJar : add gtzc
2024-03-17 13:43:08,202 [INFO] IPUIPlugin:80 - create IPUIPlugin
2024-03-17 13:43:08,202 [INFO] PluginManager:220 - loadIPPluginJar : add quadspi
2024-03-17 13:43:08,203 [INFO] IPUIPlugin:80 - create IPUIPlugin
2024-03-17 13:43:08,204 [INFO] PluginManager:220 - loadIPPluginJar : add aes
2024-03-17 13:43:08,205 [INFO] IPUIPlugin:80 - create IPUIPlugin
2024-03-17 13:43:08,205 [INFO] PluginManager:220 - loadIPPluginJar : add pdm2pcm
2024-03-17 13:43:08,206 [INFO] IPUIPlugin:80 - create IPUIPlugin
2024-03-17 13:43:08,206 [INFO] PluginManager:220 - loadIPPluginJar : add hash
2024-03-17 13:43:08,206 [INFO] IPUIPlugin:80 - create IPUIPlugin
2024-03-17 13:43:08,207 [INFO] PluginManager:220 - loadIPPluginJar : add tim
2024-03-17 13:43:08,207 [INFO] IPUIPlugin:80 - create IPUIPlugin
2024-03-17 13:43:08,207 [INFO] PluginManager:220 - loadIPPluginJar : add tsc
2024-03-17 13:43:08,208 [INFO] IPUIPlugin:80 - create IPUIPlugin
2024-03-17 13:43:08,208 [INFO] PluginManager:220 - loadIPPluginJar : add ts
2024-03-17 13:43:08,209 [INFO] IPUIPlugin:80 - create IPUIPlugin
2024-03-17 13:43:08,209 [INFO] PluginManager:220 - loadIPPluginJar : add can
2024-03-17 13:43:08,210 [INFO] IPUIPlugin:80 - create IPUIPlugin
2024-03-17 13:43:08,210 [INFO] PluginManager:220 - loadIPPluginJar : add dma3
2024-03-17 13:43:08,212 [INFO] IPUIPlugin:80 - create IPUIPlugin
2024-03-17 13:43:08,212 [INFO] PluginManager:220 - loadIPPluginJar : add dfsdm
2024-03-17 13:43:08,213 [INFO] IPUIPlugin:80 - create IPUIPlugin
2024-03-17 13:43:08,213 [INFO] PluginManager:220 - loadIPPluginJar : add spi
2024-03-17 13:43:08,215 [INFO] IPUIPlugin:80 - create IPUIPlugin
2024-03-17 13:43:08,215 [INFO] PluginManager:220 - loadIPPluginJar : add gfxmmu
2024-03-17 13:43:08,216 [INFO] IPUIPlugin:80 - create IPUIPlugin
2024-03-17 13:43:08,216 [INFO] PluginManager:220 - loadIPPluginJar : add genericplugin
2024-03-17 13:43:08,216 [INFO] IPUIPlugin:80 - create IPUIPlugin
2024-03-17 13:43:08,216 [INFO] PluginManager:220 - loadIPPluginJar : add cryp
2024-03-17 13:43:08,218 [INFO] IPUIPlugin:80 - create IPUIPlugin
2024-03-17 13:43:08,218 [INFO] PluginManager:220 - loadIPPluginJar : add gpio
2024-03-17 13:43:08,219 [INFO] IPUIPlugin:80 - create IPUIPlugin
2024-03-17 13:43:08,219 [INFO] PluginManager:220 - loadIPPluginJar : add comp
2024-03-17 13:43:08,220 [INFO] IPUIPlugin:80 - create IPUIPlugin
2024-03-17 13:43:08,220 [INFO] PluginManager:220 - loadIPPluginJar : add tracer_emb
2024-03-17 13:43:08,221 [INFO] IPUIPlugin:80 - create IPUIPlugin
2024-03-17 13:43:08,221 [INFO] PluginManager:220 - loadIPPluginJar : add openamp
2024-03-17 13:43:08,224 [INFO] IPUIPlugin:80 - create IPUIPlugin
2024-03-17 13:43:08,224 [INFO] PluginManager:220 - loadIPPluginJar : add stm32_wpan
2024-03-17 13:43:08,226 [INFO] IPUIPlugin:80 - create IPUIPlugin
2024-03-17 13:43:08,230 [INFO] PluginManager:220 - loadIPPluginJar : add plateformsettings
2024-03-17 13:43:08,233 [INFO] IPUIPlugin:80 - create IPUIPlugin
2024-03-17 13:43:08,233 [INFO] PluginManager:220 - loadIPPluginJar : add ipddr
2024-03-17 13:43:08,235 [INFO] IPUIPlugin:80 - create IPUIPlugin
2024-03-17 13:43:08,235 [INFO] PluginManager:220 - loadIPPluginJar : add usart
2024-03-17 13:43:08,235 [INFO] IPUIPlugin:80 - create IPUIPlugin
2024-03-17 13:43:08,236 [INFO] PluginManager:220 - loadIPPluginJar : add ltdc
2024-03-17 13:43:08,237 [INFO] IPUIPlugin:80 - create IPUIPlugin
2024-03-17 13:43:08,237 [INFO] PluginManager:220 - loadIPPluginJar : add nvic
2024-03-17 13:43:08,237 [INFO] IPUIPlugin:80 - create IPUIPlugin
2024-03-17 13:43:08,237 [INFO] PluginManager:220 - loadIPPluginJar : add fatfs
2024-03-17 13:43:08,244 [INFO] IPUIPlugin:80 - create IPUIPlugin
2024-03-17 13:43:08,244 [INFO] PluginManager:220 - loadIPPluginJar : add linkedlist
2024-03-17 13:43:08,248 [INFO] IPUIPlugin:80 - create IPUIPlugin
2024-03-17 13:43:08,248 [INFO] PluginManager:220 - loadIPPluginJar : add dma
2024-03-17 13:43:08,250 [INFO] IPUIPlugin:80 - create IPUIPlugin
2024-03-17 13:43:08,250 [INFO] PluginManager:220 - loadIPPluginJar : add fmc
2024-03-17 13:43:08,251 [INFO] IPUIPlugin:80 - create IPUIPlugin
2024-03-17 13:43:08,251 [INFO] PluginManager:220 - loadIPPluginJar : add i2s
2024-03-17 13:43:08,251 [INFO] IPUIPlugin:80 - create IPUIPlugin
2024-03-17 13:43:08,251 [INFO] PluginManager:220 - loadIPPluginJar : add ucpd
2024-03-17 13:43:08,252 [INFO] IPUIPlugin:80 - create IPUIPlugin
2024-03-17 13:43:08,252 [INFO] PluginManager:220 - loadIPPluginJar : add lorawan
2024-03-17 13:43:08,254 [INFO] IPUIPlugin:80 - create IPUIPlugin
2024-03-17 13:43:08,254 [INFO] PluginManager:220 - loadIPPluginJar : add opamp
2024-03-17 13:43:08,255 [INFO] IPUIPlugin:80 - create IPUIPlugin
2024-03-17 13:43:08,255 [INFO] PluginManager:220 - loadIPPluginJar : add i3c
2024-03-17 13:43:08,257 [INFO] IPUIPlugin:80 - create IPUIPlugin
2024-03-17 13:43:08,258 [INFO] PluginManager:220 - loadIPPluginJar : add touchsensing
2024-03-17 13:43:08,259 [INFO] IPUIPlugin:80 - create IPUIPlugin
2024-03-17 13:43:08,259 [INFO] PluginManager:220 - loadIPPluginJar : add i2c
2024-03-17 13:43:08,262 [INFO] IPUIPlugin:80 - create IPUIPlugin
2024-03-17 13:43:08,262 [INFO] PluginManager:220 - loadIPPluginJar : add resmgrutility
2024-03-17 13:43:08,263 [INFO] IPUIPlugin:80 - create IPUIPlugin
2024-03-17 13:43:08,263 [INFO] PluginManager:220 - loadIPPluginJar : add sai
2024-03-17 13:43:08,264 [INFO] IPUIPlugin:80 - create IPUIPlugin
2024-03-17 13:43:08,264 [INFO] PluginManager:220 - loadIPPluginJar : add usbx
2024-03-17 13:43:08,388 [INFO] CADModel:165 - CPN selected for project level
2024-03-17 13:43:08,389 [INFO] CADModel:114 - Register for checkConnection events
2024-03-17 13:43:08,389 [FATAL] Updater:308 - Updater called before beeing initialized
2024-03-17 13:43:08,389 [ERROR] CADModel:125 - Updater not yet initialized, retry later 
2024-03-17 13:43:08,814 [INFO] CADModel:165 - CPN selected for project level
2024-03-17 13:43:08,816 [INFO] CADModel:114 - Register for checkConnection events
2024-03-17 13:43:08,816 [FATAL] Updater:308 - Updater called before beeing initialized
2024-03-17 13:43:08,816 [ERROR] CADModel:125 - Updater not yet initialized, retry later 
2024-03-17 13:43:08,819 [FATAL] Updater:308 - Updater called before beeing initialized
2024-03-17 13:43:08,962 [FATAL] Updater:308 - Updater called before beeing initialized
2024-03-17 13:43:08,969 [INFO] DbMcusAds:53 - JSON generation date=Wed Nov 29 19:52:27 KST 2023 (1701255147349)
2024-03-17 13:43:08,969 [FATAL] Updater:308 - Updater called before beeing initialized
2024-03-17 13:43:09,016 [WARN] DetailPanel:346 - Failed to get advertising image, set to default
2024-03-17 13:43:09,067 [FATAL] Updater:308 - Updater called before beeing initialized
2024-03-17 13:43:09,069 [FATAL] Updater:308 - Updater called before beeing initialized
2024-03-17 13:43:09,069 [FATAL] Updater:308 - Updater called before beeing initialized
2024-03-17 13:43:09,069 [WARN] DetailPanel:346 - Failed to get advertising image, set to default
2024-03-17 13:43:09,070 [FATAL] Updater:308 - Updater called before beeing initialized
2024-03-17 13:43:09,128 [ERROR] Updater:1120 - MainUpdater not yet initialized. External WinMGr cannot be set.
2024-03-17 13:43:09,196 [INFO] Updater:1056 - Updater Version found : 6.10.0
2024-03-17 13:43:09,208 [INFO] ApplicationProperties:184 - Using Application install path: /Applications/STM32CubeIDE.app/Contents/Eclipse/plugins/com.st.stm32cube.common.mx_6.10.0.202311202037
2024-03-17 13:43:09,836 [INFO] MainUpdater:2873 - connection check result : 10
2024-03-17 13:43:09,837 [INFO] MainUpdater:290 - Updater Check For Update Now.
2024-03-17 13:43:09,837 [INFO] MicroXplorer:498 - Change Database Version : DB.6.0.100
2024-03-17 13:43:09,842 [INFO] McuFinderGlobals:63 - Set McuFinder mode to 2 (CubeIDE integrated)
2024-03-17 13:43:09,844 [INFO] UserAuth:180 - activating auth plugin
2024-03-17 13:43:09,854 [INFO] UserAuth:404 - Internet connection configuration mode: 1
2024-03-17 13:43:09,865 [INFO] JxBrowserEngine:152 - Initiate JxBrowser Engine with user profile folder
2024-03-17 13:43:10,052 [INFO] CheckServerUpdateThread:120 - End of CheckServer Thread
2024-03-17 13:43:11,025 [WARN] PackLoader:240 - Cannot read IP mode file for STMicroelectronics.X-CUBE-SMBUS.2.1.0
2024-03-17 13:43:11,058 [WARN] PackLoader:240 - Cannot read IP mode file for STMicroelectronics.X-CUBE-TOUCHGFX.4.23.0
2024-03-17 13:43:11,123 [WARN] PackLoader:240 - Cannot read IP mode file for STMicroelectronics.X-CUBE-AZRTOS-F7.1.1.0
2024-03-17 13:43:11,196 [WARN] PackLoader:240 - Cannot read IP mode file for STMicroelectronics.FP-SNS-MOTENV1.4.3.2
2024-03-17 13:43:11,226 [WARN] PackLoader:240 - Cannot read IP mode file for STMicroelectronics.FP-SNS-FLIGHT1.5.0.2
2024-03-17 13:43:11,244 [WARN] PackLoader:240 - Cannot read IP mode file for STMicroelectronics.X-CUBE-DISPLAY.3.0.0
2024-03-17 13:43:11,269 [WARN] PackLoader:240 - Cannot read IP mode file for STMicroelectronics.X-CUBE-BLE1.7.0.0
2024-03-17 13:43:11,284 [WARN] PackLoader:240 - Cannot read IP mode file for emotas.I-CUBE-CANOPEN.1.3.0
2024-03-17 13:43:11,318 [WARN] PackLoader:240 - Cannot read IP mode file for STMicroelectronics.X-CUBE-BLEMGR.3.1.0
2024-03-17 13:43:11,423 [WARN] PackLoader:240 - Cannot read IP mode file for STMicroelectronics.FP-SNS-SMARTAG2.1.2.0
2024-03-17 13:43:11,514 [INFO] LogOutputStream:77 - [STDOUT_REDIRECT] 1 : Invalid condition id : UX_CORESTACK_Condition cause : null
2024-03-17 13:43:11,517 [INFO] LogOutputStream:77 - [STDOUT_REDIRECT] 1 : Invalid condition id : UX_CORESTACK_Condition cause : null
2024-03-17 13:43:11,518 [INFO] LogOutputStream:77 - [STDOUT_REDIRECT] 1 : Invalid condition id : UX_CORESTACK_Condition cause : null
2024-03-17 13:43:11,519 [INFO] LogOutputStream:77 - [STDOUT_REDIRECT] 1 : Invalid condition id : UX_CORESTACK_Condition cause : null
2024-03-17 13:43:11,520 [INFO] LogOutputStream:77 - [STDOUT_REDIRECT] 1 : Invalid condition id : UX_CORESTACK_Condition cause : null
2024-03-17 13:43:11,526 [WARN] PackLoader:240 - Cannot read IP mode file for STMicroelectronics.X-CUBE-AZRTOS-WL.2.0.0
2024-03-17 13:43:11,568 [WARN] PackLoader:240 - Cannot read IP mode file for WES.I-CUBE-Cesium.1.3.0
2024-03-17 13:43:11,582 [WARN] PackLoader:240 - Cannot read IP mode file for STMicroelectronics.X-CUBE-BLE2.3.3.0
2024-03-17 13:43:11,599 [WARN] PackLoader:240 - Cannot read IP mode file for STMicroelectronics.X-CUBE-ALGOBUILD.1.3.0
2024-03-17 13:43:11,639 [WARN] PackLoader:240 - Cannot read IP mode file for STMicroelectronics.X-CUBE-AZRTOS-G0.1.1.0
2024-03-17 13:43:11,659 [WARN] PackLoader:240 - Cannot read IP mode file for STMicroelectronics.X-CUBE-NFC4.3.0.0
2024-03-17 13:43:11,677 [WARN] PackLoader:240 - Cannot read IP mode file for STMicroelectronics.X-CUBE-BLEMGR.3.0.0
2024-03-17 13:43:11,687 [WARN] PackLoader:240 - Cannot read IP mode file for STMicroelectronics.FP-ATR-SIGFOX1.3.2.0
2024-03-17 13:43:11,701 [WARN] PackLoader:240 - Cannot read IP mode file for STMicroelectronics.X-CUBE-EEPRMA1.5.1.0
2024-03-17 13:43:11,768 [WARN] PackLoader:240 - Cannot read IP mode file for SEGGER.I-CUBE-embOS.1.3.1
2024-03-17 13:43:11,844 [WARN] PackLoader:240 - Cannot read IP mode file for STMicroelectronics.X-CUBE-GNSS1.6.0.0
2024-03-17 13:43:11,868 [WARN] PackLoader:240 - Cannot read IP mode file for STMicroelectronics.X-CUBE-AZRTOS-F4.1.1.0
2024-03-17 13:43:11,878 [WARN] PackLoader:240 - Cannot read IP mode file for wolfSSL.I-CUBE-wolfSSL.5.6.6
2024-03-17 13:43:11,911 [WARN] PackLoader:240 - Cannot read IP mode file for STMicroelectronics.X-CUBE-AZRTOS-L5.2.0.0
2024-03-17 13:43:11,933 [WARN] PackLoader:240 - Cannot read IP mode file for ITTIA_DB.I-CUBE-ITTIADB.8.8.0
2024-03-17 13:43:11,942 [WARN] PackLoader:240 - Cannot read IP mode file for STMicroelectronics.X-CUBE-NFC7.1.0.1
2024-03-17 13:43:11,956 [WARN] PackLoader:240 - Cannot read IP mode file for STMicroelectronics.X-CUBE-NFC6.3.0.0
2024-03-17 13:43:11,966 [WARN] PackLoader:240 - Cannot read IP mode file for STMicroelectronics.X-CUBE-AI.8.1.0
2024-03-17 13:43:11,995 [WARN] ConditionMgr:438 - getConditionDescription Invalid condition id : LAN8742 Phy interface Condition cause : null
2024-03-17 13:43:11,996 [WARN] PackLoader:240 - Cannot read IP mode file for STMicroelectronics.X-CUBE-AZRTOS-L4.2.0.0
2024-03-17 13:43:12,000 [WARN] ConditionMgr:1039 - genDependencies : Invalid condition id : LAN8742 Phy interface Condition cause : null
2024-03-17 13:43:12,000 [WARN] ConditionMgr:1039 - genDependencies : Invalid condition id : LAN8742 Phy interface Condition cause : null
2024-03-17 13:43:12,004 [WARN] ConditionMgr:1039 - genDependencies : Invalid condition id : LAN8742 Phy interface Condition cause : null
2024-03-17 13:43:12,014 [WARN] PackLoader:240 - Cannot read IP mode file for STMicroelectronics.X-CUBE-SFXS2LP1.4.0.0
2024-03-17 13:43:12,026 [WARN] ConditionMgr:438 - getConditionDescription Invalid condition id : UX DEVICE CLASS RTOS Condition cause : null
2024-03-17 13:43:12,026 [WARN] ConditionMgr:438 - getConditionDescription Invalid condition id : UX DEVICE CLASS RTOS Condition cause : null
2024-03-17 13:43:12,032 [WARN] PackLoader:240 - Cannot read IP mode file for STMicroelectronics.X-CUBE-AZRTOS-WB.2.0.0
2024-03-17 13:43:12,033 [WARN] ConditionMgr:1039 - genDependencies : Invalid condition id : UX DEVICE CLASS RTOS Condition cause : null
2024-03-17 13:43:12,033 [WARN] ConditionMgr:1039 - genDependencies : Invalid condition id : UX DEVICE CLASS RTOS Condition cause : null
2024-03-17 13:43:12,034 [WARN] ConditionMgr:1039 - genDependencies : Invalid condition id : UX DEVICE CLASS RTOS Condition cause : null
2024-03-17 13:43:12,034 [WARN] ConditionMgr:1039 - genDependencies : Invalid condition id : UX DEVICE CLASS RTOS Condition cause : null
2024-03-17 13:43:12,034 [WARN] ConditionMgr:1039 - genDependencies : Invalid condition id : UX DEVICE CLASS RTOS Condition cause : null
2024-03-17 13:43:12,052 [WARN] PackLoader:240 - Cannot read IP mode file for STMicroelectronics.X-CUBE-SUBG2.5.0.0
2024-03-17 13:43:12,074 [WARN] PackLoader:240 - Cannot read IP mode file for STMicroelectronics.X-CUBE-AZRTOS-G4.2.0.0
2024-03-17 13:43:12,088 [WARN] PackLoader:240 - Cannot read IP mode file for Infineon.AIROC-Wi-Fi-Bluetooth-STM32.1.5.1
2024-03-17 13:43:12,106 [WARN] PackLoader:240 - Cannot read IP mode file for STMicroelectronics.FP-SNS-MOTENVWB1.1.3.1
2024-03-17 13:43:12,111 [WARN] PackLoader:240 - Cannot read IP mode file for STMicroelectronics.X-CUBE-ISPU.2.0.0
2024-03-17 13:43:12,172 [WARN] PackLoader:240 - Cannot read IP mode file for STMicroelectronics.X-CUBE-MEMS1.10.0.0
2024-03-17 13:43:12,266 [WARN] PackLoader:240 - Cannot read IP mode file for STMicroelectronics.X-CUBE-FREERTOS.1.1.0
2024-03-17 13:43:12,274 [WARN] PackLoader:240 - Cannot read IP mode file for portGmbH.I-Cube-SoM-uGOAL.1.1.0
2024-03-17 13:43:12,280 [WARN] PackLoader:240 - Cannot read IP mode file for STMicroelectronics.X-CUBE-ALS.1.0.1
2024-03-17 13:43:12,283 [WARN] PackLoader:240 - Cannot read IP mode file for STMicroelectronics.FP-ATR-ASTRA1.2.0.0
2024-03-17 13:43:12,295 [WARN] PackLoader:240 - Cannot read IP mode file for STMicroelectronics.X-CUBE-TOF1.3.4.0
2024-03-17 13:43:12,315 [WARN] PackLoader:240 - Cannot read IP mode file for STMicroelectronics.X-CUBE-TOF1.3.4.1
2024-03-17 13:43:12,342 [WARN] PackLoader:240 - Cannot read IP mode file for STMicroelectronics.X-CUBE-AZRTOS-H7.3.2.0
2024-03-17 13:43:12,349 [INFO] ThirdParty:978 - Integrity check success = true
2024-03-17 13:43:12,349 [INFO] IntegrityCheckThread:100 - exiting critical section [integrity check]
2024-03-17 13:43:12,349 [INFO] IntegrityCheckThread:103 - End integrity checks thread
2024-03-17 13:43:14,611 [INFO] WebApp:161 - Instantiating new browser for Auth
2024-03-17 13:43:15,625 [INFO] WebApp:780 - Register for checkConnection events
2024-03-17 13:43:15,626 [INFO] WebApp:414 - Apply proxy settings
2024-03-17 13:43:15,639 [INFO] WebApp:459 - Chromium authenticates against Manually configured proxy
2024-03-17 13:43:15,656 [INFO] WebApp:467 - Username used for proxy authentication: 
2024-03-17 13:43:15,760 [INFO] WebApp:192 - Starting web application
2024-03-17 13:43:15,761 [INFO] WebApp:544 - Web application path used /Applications/STM32CubeIDE.app/Contents/Eclipse/plugins/com.st.stm32cube.common.mx_6.10.0.202311202037/db/plugins/mcufinder/reactClient1/index.html
2024-03-17 13:43:26,361 [ERROR] LogOutputStream:75 - [STDERR_REDIRECT] SLF4J: Failed to load class "org.slf4j.impl.StaticLoggerBinder".
2024-03-17 13:43:26,362 [ERROR] LogOutputStream:75 - [STDERR_REDIRECT] SLF4J: Defaulting to no-operation (NOP) logger implementation
2024-03-17 13:43:26,363 [ERROR] LogOutputStream:75 - [STDERR_REDIRECT] SLF4J: See http://www.slf4j.org/codes.html#StaticLoggerBinder for further details.
